# JRE version: Java(TM) SE Runtime Environment (8.0_45-b15) (build 1.8.0_45-b15)
# Java VM: Java HotSpot(TM) 64-Bit Server VM (25.45-b02 mixed mode windows-amd64 compressed oops)
Heap:
 PSYoungGen      total 252416K, used 37886K [0x00000000eab00000, 0x00000000fb500000, 0x0000000100000000)
  eden space 232448K, 16% used [0x00000000eab00000,0x00000000ecfff958,0x00000000f8e00000)
  from space 19968K, 0% used [0x00000000fa180000,0x00000000fa180000,0x00000000fb500000)
  to   space 19968K, 0% used [0x00000000f8e00000,0x00000000f8e00000,0x00000000fa180000)
 ParOldGen       total 90112K, used 23192K [0x00000000c0000000, 0x00000000c5800000, 0x00000000eab00000)
  object space 90112K, 25% used [0x00000000c0000000,0x00000000c16a6138,0x00000000c5800000)
 Metaspace       used 55525K, capacity 57010K, committed 59904K, reserved 1101824K
  class space    used 7474K, capacity 7743K, committed 8448K, reserved 1048576K
GC Heap History (10 events):
Event: 16.645 GC heap before
{Heap before GC invocations=14 (full 3):
 PSYoungGen      total 199168K, used 17900K [0x00000000eab00000, 0x00000000f8980000, 0x0000000100000000)
  eden space 181248K, 0% used [0x00000000eab00000,0x00000000eab00000,0x00000000f5c00000)
  from space 17920K, 99% used [0x00000000f5c00000,0x00000000f6d7b0a0,0x00000000f6d80000)
  to   space 21504K, 0% used [0x00000000f7480000,0x00000000f7480000,0x00000000f8980000)
 ParOldGen       total 90112K, used 28376K [0x00000000c0000000, 0x00000000c5800000, 0x00000000eab00000)
  object space 90112K, 31% used [0x00000000c0000000,0x00000000c1bb60e8,0x00000000c5800000)
 Metaspace       used 51920K, capacity 53906K, committed 54144K, reserved 1095680K
  class space    used 7253K, capacity 7740K, committed 7808K, reserved 1048576K
Event: 17.046 GC heap after
Heap after GC invocations=14 (full 3):
 PSYoungGen      total 199168K, used 0K [0x00000000eab00000, 0x00000000f8980000, 0x0000000100000000)
  eden space 181248K, 0% used [0x00000000eab00000,0x00000000eab00000,0x00000000f5c00000)
  from space 17920K, 0% used [0x00000000f5c00000,0x00000000f5c00000,0x00000000f6d80000)
  to   space 21504K, 0% used [0x00000000f7480000,0x00000000f7480000,0x00000000f8980000)
 ParOldGen       total 90112K, used 40675K [0x00000000c0000000, 0x00000000c5800000, 0x00000000eab00000)
  object space 90112K, 45% used [0x00000000c0000000,0x00000000c27b8ce8,0x00000000c5800000)
 Metaspace       used 51920K, capacity 53906K, committed 54144K, reserved 1095680K
  class space    used 7253K, capacity 7740K, committed 7808K, reserved 1048576K
}
Event: 53.434 GC heap before
{Heap before GC invocations=15 (full 3):
 PSYoungGen      total 199168K, used 181248K [0x00000000eab00000, 0x00000000f8980000, 0x0000000100000000)
  eden space 181248K, 100% used [0x00000000eab00000,0x00000000f5c00000,0x00000000f5c00000)
  from space 17920K, 0% used [0x00000000f5c00000,0x00000000f5c00000,0x00000000f6d80000)
  to   space 21504K, 0% used [0x00000000f7480000,0x00000000f7480000,0x00000000f8980000)
 ParOldGen       total 90112K, used 40675K [0x00000000c0000000, 0x00000000c5800000, 0x00000000eab00000)
  object space 90112K, 45% used [0x00000000c0000000,0x00000000c27b8ce8,0x00000000c5800000)
 Metaspace       used 54763K, capacity 56978K, committed 57216K, reserved 1097728K
  class space    used 7558K, capacity 8042K, committed 8064K, reserved 1048576K
Event: 53.453 GC heap after
Heap after GC invocations=15 (full 3):
 PSYoungGen      total 206848K, used 9396K [0x00000000eab00000, 0x00000000fb980000, 0x0000000100000000)
  eden space 185344K, 0% used [0x00000000eab00000,0x00000000eab00000,0x00000000f6000000)
  from space 21504K, 43% used [0x00000000f7480000,0x00000000f7dad1f0,0x00000000f8980000)
  to   space 20992K, 0% used [0x00000000f6000000,0x00000000f6000000,0x00000000f7480000)
 ParOldGen       total 90112K, used 40683K [0x00000000c0000000, 0x00000000c5800000, 0x00000000eab00000)
  object space 90112K, 45% used [0x00000000c0000000,0x00000000c27bace8,0x00000000c5800000)
 Metaspace       used 54763K, capacity 56978K, committed 57216K, reserved 1097728K
  class space    used 7558K, capacity 8042K, committed 8064K, reserved 1048576K
}
Event: 1625.688 GC heap before
{Heap before GC invocations=16 (full 3):
 PSYoungGen      total 206848K, used 194740K [0x00000000eab00000, 0x00000000fb980000, 0x0000000100000000)
  eden space 185344K, 100% used [0x00000000eab00000,0x00000000f6000000,0x00000000f6000000)
  from space 21504K, 43% used [0x00000000f7480000,0x00000000f7dad1f0,0x00000000f8980000)
  to   space 20992K, 0% used [0x00000000f6000000,0x00000000f6000000,0x00000000f7480000)
 ParOldGen       total 90112K, used 40683K [0x00000000c0000000, 0x00000000c5800000, 0x00000000eab00000)
  object space 90112K, 45% used [0x00000000c0000000,0x00000000c27bace8,0x00000000c5800000)
 Metaspace       used 57149K, capacity 59498K, committed 59648K, reserved 1099776K
  class space    used 7849K, capacity 8354K, committed 8448K, reserved 1048576K
Event: 1625.700 GC heap after
Heap after GC invocations=16 (full 3):
 PSYoungGen      total 206336K, used 10357K [0x00000000eab00000, 0x00000000fb500000, 0x0000000100000000)
  eden space 185344K, 0% used [0x00000000eab00000,0x00000000eab00000,0x00000000f6000000)
  from space 20992K, 49% used [0x00000000f6000000,0x00000000f6a1d6f0,0x00000000f7480000)
  to   space 19968K, 0% used [0x00000000fa180000,0x00000000fa180000,0x00000000fb500000)
 ParOldGen       total 90112K, used 40691K [0x00000000c0000000, 0x00000000c5800000, 0x00000000eab00000)
  object space 90112K, 45% used [0x00000000c0000000,0x00000000c27bcce8,0x00000000c5800000)
 Metaspace       used 57149K, capacity 59498K, committed 59648K, reserved 1099776K
  class space    used 7849K, capacity 8354K, committed 8448K, reserved 1048576K
}
Event: 1627.466 GC heap before
{Heap before GC invocations=17 (full 3):
 PSYoungGen      total 206336K, used 50174K [0x00000000eab00000, 0x00000000fb500000, 0x0000000100000000)
  eden space 185344K, 21% used [0x00000000eab00000,0x00000000ed1e2400,0x00000000f6000000)
  from space 20992K, 49% used [0x00000000f6000000,0x00000000f6a1d6f0,0x00000000f7480000)
  to   space 19968K, 0% used [0x00000000fa180000,0x00000000fa180000,0x00000000fb500000)
 ParOldGen       total 90112K, used 40691K [0x00000000c0000000, 0x00000000c5800000, 0x00000000eab00000)
  object space 90112K, 45% used [0x00000000c0000000,0x00000000c27bcce8,0x00000000c5800000)
 Metaspace       used 57377K, capacity 59768K, committed 59904K, reserved 1101824K
  class space    used 7872K, capacity 8367K, committed 8448K, reserved 1048576K
Event: 1627.472 GC heap after
Heap after GC invocations=17 (full 3):
 PSYoungGen      total 252416K, used 4992K [0x00000000eab00000, 0x00000000fb500000, 0x0000000100000000)
  eden space 232448K, 0% used [0x00000000eab00000,0x00000000eab00000,0x00000000f8e00000)
  from space 19968K, 25% used [0x00000000fa180000,0x00000000fa660020,0x00000000fb500000)
  to   space 19968K, 0% used [0x00000000f8e00000,0x00000000f8e00000,0x00000000fa180000)
 ParOldGen       total 90112K, used 40699K [0x00000000c0000000, 0x00000000c5800000, 0x00000000eab00000)
  object space 90112K, 45% used [0x00000000c0000000,0x00000000c27bece8,0x00000000c5800000)
 Metaspace       used 57377K, capacity 59768K, committed 59904K, reserved 1101824K
  class space    used 7872K, capacity 8367K, committed 8448K, reserved 1048576K
}
Event: 1627.472 GC heap before
{Heap before GC invocations=18 (full 4):
 PSYoungGen      total 252416K, used 4992K [0x00000000eab00000, 0x00000000fb500000, 0x0000000100000000)
  eden space 232448K, 0% used [0x00000000eab00000,0x00000000eab00000,0x00000000f8e00000)
  from space 19968K, 25% used [0x00000000fa180000,0x00000000fa660020,0x00000000fb500000)
  to   space 19968K, 0% used [0x00000000f8e00000,0x00000000f8e00000,0x00000000fa180000)
 ParOldGen       total 90112K, used 40699K [0x00000000c0000000, 0x00000000c5800000, 0x00000000eab00000)
  object space 90112K, 45% used [0x00000000c0000000,0x00000000c27bece8,0x00000000c5800000)
 Metaspace       used 57377K, capacity 59768K, committed 59904K, reserved 1101824K
  class space    used 7872K, capacity 8367K, committed 8448K, reserved 1048576K
Event: 1627.644 GC heap after
Heap after GC invocations=18 (full 4):
 PSYoungGen      total 252416K, used 0K [0x00000000eab00000, 0x00000000fb500000, 0x0000000100000000)
  eden space 232448K, 0% used [0x00000000eab00000,0x00000000eab00000,0x00000000f8e00000)
  from space 19968K, 0% used [0x00000000fa180000,0x00000000fa180000,0x00000000fb500000)
  to   space 19968K, 0% used [0x00000000f8e00000,0x00000000f8e00000,0x00000000fa180000)
 ParOldGen       total 90112K, used 23192K [0x00000000c0000000, 0x00000000c5800000, 0x00000000eab00000)
  object space 90112K, 25% used [0x00000000c0000000,0x00000000c16a6138,0x00000000c5800000)
 Metaspace       used 55292K, capacity 56640K, committed 59904K, reserved 1101824K
  class space    used 7439K, capacity 7687K, committed 8448K, reserved 1048576K
}

