# JRE version: Java(TM) SE Runtime Environment (8.0_45-b15) (build 1.8.0_45-b15)
# Java VM: Java HotSpot(TM) 64-Bit Server VM (25.45-b02 mixed mode windows-amd64 compressed oops)
Heap:
 PSYoungGen      total 232960K, used 142118K [0x00000000eab00000, 0x0000000100000000, 0x0000000100000000)
  eden space 116736K, 55% used [0x00000000eab00000,0x00000000eeac6668,0x00000000f1d00000)
  from space 116224K, 66% used [0x00000000f1d00000,0x00000000f6803308,0x00000000f8e80000)
  to   space 116224K, 0% used [0x00000000f8e80000,0x00000000f8e80000,0x0000000100000000)
 ParOldGen       total 433152K, used 236764K [0x00000000c0000000, 0x00000000da700000, 0x00000000eab00000)
  object space 433152K, 54% used [0x00000000c0000000,0x00000000ce737330,0x00000000da700000)
 Metaspace       used 6471K, capacity 7256K, committed 7424K, reserved 1056768K
  class space    used 615K, capacity 656K, committed 768K, reserved 1048576K
GC Heap History (10 events):
Event: 22.624 GC heap before
{Heap before GC invocations=12 (full 2):
 PSYoungGen      total 251904K, used 251877K [0x00000000eab00000, 0x0000000100000000, 0x0000000100000000)
  eden space 154624K, 100% used [0x00000000eab00000,0x00000000f4200000,0x00000000f4200000)
  from space 97280K, 99% used [0x00000000f4200000,0x00000000fa0f96a0,0x00000000fa100000)
  to   space 97280K, 0% used [0x00000000fa100000,0x00000000fa100000,0x0000000100000000)
 ParOldGen       total 287232K, used 196975K [0x00000000c0000000, 0x00000000d1880000, 0x00000000eab00000)
  object space 287232K, 68% used [0x00000000c0000000,0x00000000cc05bc38,0x00000000d1880000)
 Metaspace       used 6464K, capacity 7256K, committed 7424K, reserved 1056768K
  class space    used 615K, capacity 656K, committed 768K, reserved 1048576K
Event: 22.785 GC heap after
Heap after GC invocations=12 (full 2):
 PSYoungGen      total 214016K, used 97258K [0x00000000eab00000, 0x0000000100000000, 0x0000000100000000)
  eden space 116736K, 0% used [0x00000000eab00000,0x00000000eab00000,0x00000000f1d00000)
  from space 97280K, 99% used [0x00000000fa100000,0x00000000ffffa8a0,0x0000000100000000)
  to   space 116224K, 0% used [0x00000000f1d00000,0x00000000f1d00000,0x00000000f8e80000)
 ParOldGen       total 287232K, used 277382K [0x00000000c0000000, 0x00000000d1880000, 0x00000000eab00000)
  object space 287232K, 96% used [0x00000000c0000000,0x00000000d0ee1ae0,0x00000000d1880000)
 Metaspace       used 6464K, capacity 7256K, committed 7424K, reserved 1056768K
  class space    used 615K, capacity 656K, committed 768K, reserved 1048576K
}
Event: 22.785 GC heap before
{Heap before GC invocations=13 (full 3):
 PSYoungGen      total 214016K, used 97258K [0x00000000eab00000, 0x0000000100000000, 0x0000000100000000)
  eden space 116736K, 0% used [0x00000000eab00000,0x00000000eab00000,0x00000000f1d00000)
  from space 97280K, 99% used [0x00000000fa100000,0x00000000ffffa8a0,0x0000000100000000)
  to   space 116224K, 0% used [0x00000000f1d00000,0x00000000f1d00000,0x00000000f8e80000)
 ParOldGen       total 287232K, used 277382K [0x00000000c0000000, 0x00000000d1880000, 0x00000000eab00000)
  object space 287232K, 96% used [0x00000000c0000000,0x00000000d0ee1ae0,0x00000000d1880000)
 Metaspace       used 6464K, capacity 7256K, committed 7424K, reserved 1056768K
  class space    used 615K, capacity 656K, committed 768K, reserved 1048576K
Event: 23.404 GC heap after
Heap after GC invocations=13 (full 3):
 PSYoungGen      total 214016K, used 0K [0x00000000eab00000, 0x0000000100000000, 0x0000000100000000)
  eden space 116736K, 0% used [0x00000000eab00000,0x00000000eab00000,0x00000000f1d00000)
  from space 97280K, 0% used [0x00000000fa100000,0x00000000fa100000,0x0000000100000000)
  to   space 116224K, 0% used [0x00000000f1d00000,0x00000000f1d00000,0x00000000f8e80000)
 ParOldGen       total 433152K, used 236764K [0x00000000c0000000, 0x00000000da700000, 0x00000000eab00000)
  object space 433152K, 54% used [0x00000000c0000000,0x00000000ce737330,0x00000000da700000)
 Metaspace       used 6464K, capacity 7256K, committed 7424K, reserved 1056768K
  class space    used 615K, capacity 656K, committed 768K, reserved 1048576K
}
Event: 23.839 GC heap before
{Heap before GC invocations=14 (full 3):
 PSYoungGen      total 214016K, used 116736K [0x00000000eab00000, 0x0000000100000000, 0x0000000100000000)
  eden space 116736K, 100% used [0x00000000eab00000,0x00000000f1d00000,0x00000000f1d00000)
  from space 97280K, 0% used [0x00000000fa100000,0x00000000fa100000,0x0000000100000000)
  to   space 116224K, 0% used [0x00000000f1d00000,0x00000000f1d00000,0x00000000f8e80000)
 ParOldGen       total 433152K, used 236764K [0x00000000c0000000, 0x00000000da700000, 0x00000000eab00000)
  object space 433152K, 54% used [0x00000000c0000000,0x00000000ce737330,0x00000000da700000)
 Metaspace       used 6466K, capacity 7256K, committed 7424K, reserved 1056768K
  class space    used 615K, capacity 656K, committed 768K, reserved 1048576K
Event: 23.895 GC heap after
Heap after GC invocations=14 (full 3):
 PSYoungGen      total 232960K, used 21745K [0x00000000eab00000, 0x0000000100000000, 0x0000000100000000)
  eden space 116736K, 0% used [0x00000000eab00000,0x00000000eab00000,0x00000000f1d00000)
  from space 116224K, 18% used [0x00000000f1d00000,0x00000000f323c628,0x00000000f8e80000)
  to   space 116224K, 0% used [0x00000000f8e80000,0x00000000f8e80000,0x0000000100000000)
 ParOldGen       total 433152K, used 236764K [0x00000000c0000000, 0x00000000da700000, 0x00000000eab00000)
  object space 433152K, 54% used [0x00000000c0000000,0x00000000ce737330,0x00000000da700000)
 Metaspace       used 6466K, capacity 7256K, committed 7424K, reserved 1056768K
  class space    used 615K, capacity 656K, committed 768K, reserved 1048576K
}
Event: 24.119 GC heap before
{Heap before GC invocations=15 (full 3):
 PSYoungGen      total 232960K, used 138481K [0x00000000eab00000, 0x0000000100000000, 0x0000000100000000)
  eden space 116736K, 100% used [0x00000000eab00000,0x00000000f1d00000,0x00000000f1d00000)
  from space 116224K, 18% used [0x00000000f1d00000,0x00000000f323c628,0x00000000f8e80000)
  to   space 116224K, 0% used [0x00000000f8e80000,0x00000000f8e80000,0x0000000100000000)
 ParOldGen       total 433152K, used 236764K [0x00000000c0000000, 0x00000000da700000, 0x00000000eab00000)
  object space 433152K, 54% used [0x00000000c0000000,0x00000000ce737330,0x00000000da700000)
 Metaspace       used 6467K, capacity 7256K, committed 7424K, reserved 1056768K
  class space    used 615K, capacity 656K, committed 768K, reserved 1048576K
Event: 24.179 GC heap after
Heap after GC invocations=15 (full 3):
 PSYoungGen      total 232960K, used 38842K [0x00000000eab00000, 0x0000000100000000, 0x0000000100000000)
  eden space 116736K, 0% used [0x00000000eab00000,0x00000000eab00000,0x00000000f1d00000)
  from space 116224K, 33% used [0x00000000f8e80000,0x00000000fb46ea88,0x0000000100000000)
  to   space 116224K, 0% used [0x00000000f1d00000,0x00000000f1d00000,0x00000000f8e80000)
 ParOldGen       total 433152K, used 236764K [0x00000000c0000000, 0x00000000da700000, 0x00000000eab00000)
  object space 433152K, 54% used [0x00000000c0000000,0x00000000ce737330,0x00000000da700000)
 Metaspace       used 6467K, capacity 7256K, committed 7424K, reserved 1056768K
  class space    used 615K, capacity 656K, committed 768K, reserved 1048576K
}
Event: 24.799 GC heap before
{Heap before GC invocations=16 (full 3):
 PSYoungGen      total 232960K, used 155578K [0x00000000eab00000, 0x0000000100000000, 0x0000000100000000)
  eden space 116736K, 100% used [0x00000000eab00000,0x00000000f1d00000,0x00000000f1d00000)
  from space 116224K, 33% used [0x00000000f8e80000,0x00000000fb46ea88,0x0000000100000000)
  to   space 116224K, 0% used [0x00000000f1d00000,0x00000000f1d00000,0x00000000f8e80000)
 ParOldGen       total 433152K, used 236764K [0x00000000c0000000, 0x00000000da700000, 0x00000000eab00000)
  object space 433152K, 54% used [0x00000000c0000000,0x00000000ce737330,0x00000000da700000)
 Metaspace       used 6470K, capacity 7256K, committed 7424K, reserved 1056768K
  class space    used 615K, capacity 656K, committed 768K, reserved 1048576K
Event: 24.952 GC heap after
Heap after GC invocations=16 (full 3):
 PSYoungGen      total 232960K, used 76812K [0x00000000eab00000, 0x0000000100000000, 0x0000000100000000)
  eden space 116736K, 0% used [0x00000000eab00000,0x00000000eab00000,0x00000000f1d00000)
  from space 116224K, 66% used [0x00000000f1d00000,0x00000000f6803308,0x00000000f8e80000)
  to   space 116224K, 0% used [0x00000000f8e80000,0x00000000f8e80000,0x0000000100000000)
 ParOldGen       total 433152K, used 236764K [0x00000000c0000000, 0x00000000da700000, 0x00000000eab00000)
  object space 433152K, 54% used [0x00000000c0000000,0x00000000ce737330,0x00000000da700000)
 Metaspace       used 6470K, capacity 7256K, committed 7424K, reserved 1056768K
  class space    used 615K, capacity 656K, committed 768K, reserved 1048576K
}

