# JRE version: Java(TM) SE Runtime Environment (8.0_45-b15) (build 1.8.0_45-b15)
# Java VM: Java HotSpot(TM) 64-Bit Server VM (25.45-b02 mixed mode windows-amd64 compressed oops)
Heap:
 PSYoungGen      total 232960K, used 222243K [0x00000000eab00000, 0x0000000100000000, 0x0000000100000000)
  eden space 116736K, 100% used [0x00000000eab00000,0x00000000f1d00000,0x00000000f1d00000)
  from space 116224K, 90% used [0x00000000f8e80000,0x00000000ff588e70,0x0000000100000000)
  to   space 116224K, 53% used [0x00000000f1d00000,0x00000000f5a3f120,0x00000000f8e80000)
 ParOldGen       total 346624K, used 346618K [0x00000000c0000000, 0x00000000d5280000, 0x00000000eab00000)
  object space 346624K, 99% used [0x00000000c0000000,0x00000000d527e808,0x00000000d5280000)
 Metaspace       used 6464K, capacity 7256K, committed 7424K, reserved 1056768K
  class space    used 615K, capacity 656K, committed 768K, reserved 1048576K
GC Heap History (10 events):
Event: 10.454 GC heap before
{Heap before GC invocations=6 (full 1):
 PSYoungGen      total 138240K, used 5095K [0x00000000eab00000, 0x00000000ffa00000, 0x0000000100000000)
  eden space 133120K, 0% used [0x00000000eab00000,0x00000000eab00000,0x00000000f2d00000)
  from space 5120K, 99% used [0x00000000f2d00000,0x00000000f31f9cf0,0x00000000f3200000)
  to   space 38400K, 0% used [0x00000000fd480000,0x00000000fd480000,0x00000000ffa00000)
 ParOldGen       total 87552K, used 56646K [0x00000000c0000000, 0x00000000c5580000, 0x00000000eab00000)
  object space 87552K, 64% used [0x00000000c0000000,0x00000000c37519e8,0x00000000c5580000)
 Metaspace       used 6430K, capacity 7256K, committed 7424K, reserved 1056768K
  class space    used 613K, capacity 656K, committed 768K, reserved 1048576K
Event: 19.341 GC heap after
Heap after GC invocations=6 (full 1):
 PSYoungGen      total 138240K, used 0K [0x00000000eab00000, 0x00000000ffa00000, 0x0000000100000000)
  eden space 133120K, 0% used [0x00000000eab00000,0x00000000eab00000,0x00000000f2d00000)
  from space 5120K, 0% used [0x00000000f2d00000,0x00000000f2d00000,0x00000000f3200000)
  to   space 38400K, 0% used [0x00000000fd480000,0x00000000fd480000,0x00000000ffa00000)
 ParOldGen       total 153088K, used 60199K [0x00000000c0000000, 0x00000000c9580000, 0x00000000eab00000)
  object space 153088K, 39% used [0x00000000c0000000,0x00000000c3ac9e88,0x00000000c9580000)
 Metaspace       used 6430K, capacity 7256K, committed 7424K, reserved 1056768K
  class space    used 613K, capacity 656K, committed 768K, reserved 1048576K
}
Event: 20.609 GC heap before
{Heap before GC invocations=7 (full 1):
 PSYoungGen      total 138240K, used 133120K [0x00000000eab00000, 0x00000000ffa00000, 0x0000000100000000)
  eden space 133120K, 100% used [0x00000000eab00000,0x00000000f2d00000,0x00000000f2d00000)
  from space 5120K, 0% used [0x00000000f2d00000,0x00000000f2d00000,0x00000000f3200000)
  to   space 38400K, 0% used [0x00000000fd480000,0x00000000fd480000,0x00000000ffa00000)
 ParOldGen       total 153088K, used 60199K [0x00000000c0000000, 0x00000000c9580000, 0x00000000eab00000)
  object space 153088K, 39% used [0x00000000c0000000,0x00000000c3ac9e88,0x00000000c9580000)
 Metaspace       used 6442K, capacity 7256K, committed 7424K, reserved 1056768K
  class space    used 613K, capacity 656K, committed 768K, reserved 1048576K
Event: 21.161 GC heap after
Heap after GC invocations=7 (full 1):
 PSYoungGen      total 194048K, used 38398K [0x00000000eab00000, 0x00000000ffa00000, 0x0000000100000000)
  eden space 155648K, 0% used [0x00000000eab00000,0x00000000eab00000,0x00000000f4300000)
  from space 38400K, 99% used [0x00000000fd480000,0x00000000ff9ffbf0,0x00000000ffa00000)
  to   space 67584K, 0% used [0x00000000f7600000,0x00000000f7600000,0x00000000fb800000)
 ParOldGen       total 153088K, used 95574K [0x00000000c0000000, 0x00000000c9580000, 0x00000000eab00000)
  object space 153088K, 62% used [0x00000000c0000000,0x00000000c5d55be8,0x00000000c9580000)
 Metaspace       used 6442K, capacity 7256K, committed 7424K, reserved 1056768K
  class space    used 613K, capacity 656K, committed 768K, reserved 1048576K
}
Event: 21.836 GC heap before
{Heap before GC invocations=8 (full 1):
 PSYoungGen      total 194048K, used 194046K [0x00000000eab00000, 0x00000000ffa00000, 0x0000000100000000)
  eden space 155648K, 100% used [0x00000000eab00000,0x00000000f4300000,0x00000000f4300000)
  from space 38400K, 99% used [0x00000000fd480000,0x00000000ff9ffbf0,0x00000000ffa00000)
  to   space 67584K, 0% used [0x00000000f7600000,0x00000000f7600000,0x00000000fb800000)
 ParOldGen       total 153088K, used 95574K [0x00000000c0000000, 0x00000000c9580000, 0x00000000eab00000)
  object space 153088K, 62% used [0x00000000c0000000,0x00000000c5d55be8,0x00000000c9580000)
 Metaspace       used 6450K, capacity 7256K, committed 7424K, reserved 1056768K
  class space    used 615K, capacity 656K, committed 768K, reserved 1048576K
Event: 23.134 GC heap after
Heap after GC invocations=8 (full 1):
 PSYoungGen      total 275456K, used 67566K [0x00000000eab00000, 0x0000000100000000, 0x0000000100000000)
  eden space 207872K, 0% used [0x00000000eab00000,0x00000000eab00000,0x00000000f7600000)
  from space 67584K, 99% used [0x00000000f7600000,0x00000000fb7fb960,0x00000000fb800000)
  to   space 73728K, 0% used [0x00000000fb800000,0x00000000fb800000,0x0000000100000000)
 ParOldGen       total 153088K, used 147956K [0x00000000c0000000, 0x00000000c9580000, 0x00000000eab00000)
  object space 153088K, 96% used [0x00000000c0000000,0x00000000c907d278,0x00000000c9580000)
 Metaspace       used 6450K, capacity 7256K, committed 7424K, reserved 1056768K
  class space    used 615K, capacity 656K, committed 768K, reserved 1048576K
}
Event: 23.134 GC heap before
{Heap before GC invocations=9 (full 2):
 PSYoungGen      total 275456K, used 67566K [0x00000000eab00000, 0x0000000100000000, 0x0000000100000000)
  eden space 207872K, 0% used [0x00000000eab00000,0x00000000eab00000,0x00000000f7600000)
  from space 67584K, 99% used [0x00000000f7600000,0x00000000fb7fb960,0x00000000fb800000)
  to   space 73728K, 0% used [0x00000000fb800000,0x00000000fb800000,0x0000000100000000)
 ParOldGen       total 153088K, used 147956K [0x00000000c0000000, 0x00000000c9580000, 0x00000000eab00000)
  object space 153088K, 96% used [0x00000000c0000000,0x00000000c907d278,0x00000000c9580000)
 Metaspace       used 6450K, capacity 7256K, committed 7424K, reserved 1056768K
  class space    used 615K, capacity 656K, committed 768K, reserved 1048576K
Event: 26.052 GC heap after
Heap after GC invocations=9 (full 2):
 PSYoungGen      total 275456K, used 46776K [0x00000000eab00000, 0x0000000100000000, 0x0000000100000000)
  eden space 207872K, 0% used [0x00000000eab00000,0x00000000eab00000,0x00000000f7600000)
  from space 67584K, 69% used [0x00000000f7600000,0x00000000fa3ae0b0,0x00000000fb800000)
  to   space 73728K, 0% used [0x00000000fb800000,0x00000000fb800000,0x0000000100000000)
 ParOldGen       total 310784K, used 152974K [0x00000000c0000000, 0x00000000d2f80000, 0x00000000eab00000)
  object space 310784K, 49% used [0x00000000c0000000,0x00000000c95638c8,0x00000000d2f80000)
 Metaspace       used 6450K, capacity 7256K, committed 7424K, reserved 1056768K
  class space    used 615K, capacity 656K, committed 768K, reserved 1048576K
}
Event: 30.073 GC heap before
{Heap before GC invocations=10 (full 2):
 PSYoungGen      total 275456K, used 254648K [0x00000000eab00000, 0x0000000100000000, 0x0000000100000000)
  eden space 207872K, 100% used [0x00000000eab00000,0x00000000f7600000,0x00000000f7600000)
  from space 67584K, 69% used [0x00000000f7600000,0x00000000fa3ae0b0,0x00000000fb800000)
  to   space 73728K, 0% used [0x00000000fb800000,0x00000000fb800000,0x0000000100000000)
 ParOldGen       total 310784K, used 152974K [0x00000000c0000000, 0x00000000d2f80000, 0x00000000eab00000)
  object space 310784K, 49% used [0x00000000c0000000,0x00000000c95638c8,0x00000000d2f80000)
 Metaspace       used 6454K, capacity 7256K, committed 7424K, reserved 1056768K
  class space    used 615K, capacity 656K, committed 768K, reserved 1048576K
Event: 30.950 GC heap after
Heap after GC invocations=10 (full 2):
 PSYoungGen      total 190464K, used 73711K [0x00000000eab00000, 0x0000000100000000, 0x0000000100000000)
  eden space 116736K, 0% used [0x00000000eab00000,0x00000000eab00000,0x00000000f1d00000)
  from space 73728K, 99% used [0x00000000fb800000,0x00000000ffffbf10,0x0000000100000000)
  to   space 116224K, 0% used [0x00000000f1d00000,0x00000000f1d00000,0x00000000f8e80000)
 ParOldGen       total 310784K, used 172382K [0x00000000c0000000, 0x00000000d2f80000, 0x00000000eab00000)
  object space 310784K, 55% used [0x00000000c0000000,0x00000000ca857a08,0x00000000d2f80000)
 Metaspace       used 6454K, capacity 7256K, committed 7424K, reserved 1056768K
  class space    used 615K, capacity 656K, committed 768K, reserved 1048576K
}

