# JRE version: Java(TM) SE Runtime Environment (8.0_45-b15) (build 1.8.0_45-b15)
# Java VM: Java HotSpot(TM) 64-Bit Server VM (25.45-b02 mixed mode windows-amd64 compressed oops)
Heap:
 PSYoungGen      total 38400K, used 12911K [0x00000000eab00000, 0x00000000ee280000, 0x0000000100000000)
  eden space 33280K, 38% used [0x00000000eab00000,0x00000000eb79bc40,0x00000000ecb80000)
  from space 5120K, 0% used [0x00000000ecb80000,0x00000000ecb80000,0x00000000ed080000)
  to   space 5120K, 0% used [0x00000000ed080000,0x00000000ed080000,0x00000000ed580000)
 ParOldGen       total 55808K, used 43047K [0x00000000c0000000, 0x00000000c3680000, 0x00000000eab00000)
  object space 55808K, 77% used [0x00000000c0000000,0x00000000c2a09e50,0x00000000c3680000)
 Metaspace       used 7451K, capacity 7896K, committed 8192K, reserved 1060864K
  class space    used 692K, capacity 720K, committed 768K, reserved 1048576K
GC Heap History (8 events):
Event: 5.810 GC heap before
{Heap before GC invocations=1 (full 0):
 PSYoungGen      total 38400K, used 16025K [0x00000000eab00000, 0x00000000ed580000, 0x0000000100000000)
  eden space 33280K, 48% used [0x00000000eab00000,0x00000000ebaa65f0,0x00000000ecb80000)
  from space 5120K, 0% used [0x00000000ed080000,0x00000000ed080000,0x00000000ed580000)
  to   space 5120K, 0% used [0x00000000ecb80000,0x00000000ecb80000,0x00000000ed080000)
 ParOldGen       total 87552K, used 0K [0x00000000c0000000, 0x00000000c5580000, 0x00000000eab00000)
  object space 87552K, 0% used [0x00000000c0000000,0x00000000c0000000,0x00000000c5580000)
 Metaspace       used 3520K, capacity 4720K, committed 4864K, reserved 1060864K
  class space    used 376K, capacity 424K, committed 512K, reserved 1048576K
Event: 5.891 GC heap after
Heap after GC invocations=1 (full 0):
 PSYoungGen      total 38400K, used 1076K [0x00000000eab00000, 0x00000000ed580000, 0x0000000100000000)
  eden space 33280K, 0% used [0x00000000eab00000,0x00000000eab00000,0x00000000ecb80000)
  from space 5120K, 21% used [0x00000000ecb80000,0x00000000ecc8d2a0,0x00000000ed080000)
  to   space 5120K, 0% used [0x00000000ed080000,0x00000000ed080000,0x00000000ed580000)
 ParOldGen       total 87552K, used 8K [0x00000000c0000000, 0x00000000c5580000, 0x00000000eab00000)
  object space 87552K, 0% used [0x00000000c0000000,0x00000000c0002000,0x00000000c5580000)
 Metaspace       used 3520K, capacity 4720K, committed 4864K, reserved 1060864K
  class space    used 376K, capacity 424K, committed 512K, reserved 1048576K
}
Event: 5.891 GC heap before
{Heap before GC invocations=2 (full 1):
 PSYoungGen      total 38400K, used 1076K [0x00000000eab00000, 0x00000000ed580000, 0x0000000100000000)
  eden space 33280K, 0% used [0x00000000eab00000,0x00000000eab00000,0x00000000ecb80000)
  from space 5120K, 21% used [0x00000000ecb80000,0x00000000ecc8d2a0,0x00000000ed080000)
  to   space 5120K, 0% used [0x00000000ed080000,0x00000000ed080000,0x00000000ed580000)
 ParOldGen       total 87552K, used 8K [0x00000000c0000000, 0x00000000c5580000, 0x00000000eab00000)
  object space 87552K, 0% used [0x00000000c0000000,0x00000000c0002000,0x00000000c5580000)
 Metaspace       used 3520K, capacity 4720K, committed 4864K, reserved 1060864K
  class space    used 376K, capacity 424K, committed 512K, reserved 1048576K
Event: 6.041 GC heap after
Heap after GC invocations=2 (full 1):
 PSYoungGen      total 38400K, used 0K [0x00000000eab00000, 0x00000000ed580000, 0x0000000100000000)
  eden space 33280K, 0% used [0x00000000eab00000,0x00000000eab00000,0x00000000ecb80000)
  from space 5120K, 0% used [0x00000000ecb80000,0x00000000ecb80000,0x00000000ed080000)
  to   space 5120K, 0% used [0x00000000ed080000,0x00000000ed080000,0x00000000ed580000)
 ParOldGen       total 55808K, used 1001K [0x00000000c0000000, 0x00000000c3680000, 0x00000000eab00000)
  object space 55808K, 1% used [0x00000000c0000000,0x00000000c00fa7a8,0x00000000c3680000)
 Metaspace       used 3520K, capacity 4720K, committed 4864K, reserved 1058816K
  class space    used 376K, capacity 424K, committed 512K, reserved 1048576K
}
Event: 8.459 GC heap before
{Heap before GC invocations=3 (full 1):
 PSYoungGen      total 38400K, used 33280K [0x00000000eab00000, 0x00000000ed580000, 0x0000000100000000)
  eden space 33280K, 100% used [0x00000000eab00000,0x00000000ecb80000,0x00000000ecb80000)
  from space 5120K, 0% used [0x00000000ecb80000,0x00000000ecb80000,0x00000000ed080000)
  to   space 5120K, 0% used [0x00000000ed080000,0x00000000ed080000,0x00000000ed580000)
 ParOldGen       total 55808K, used 1001K [0x00000000c0000000, 0x00000000c3680000, 0x00000000eab00000)
  object space 55808K, 1% used [0x00000000c0000000,0x00000000c00fa7a8,0x00000000c3680000)
 Metaspace       used 6028K, capacity 6960K, committed 7040K, reserved 1058816K
  class space    used 591K, capacity 616K, committed 640K, reserved 1048576K
Event: 8.522 GC heap after
Heap after GC invocations=3 (full 1):
 PSYoungGen      total 38400K, used 5090K [0x00000000eab00000, 0x00000000ee280000, 0x0000000100000000)
  eden space 33280K, 0% used [0x00000000eab00000,0x00000000eab00000,0x00000000ecb80000)
  from space 5120K, 99% used [0x00000000ed080000,0x00000000ed578b60,0x00000000ed580000)
  to   space 5120K, 0% used [0x00000000ecb80000,0x00000000ecb80000,0x00000000ed080000)
 ParOldGen       total 55808K, used 2073K [0x00000000c0000000, 0x00000000c3680000, 0x00000000eab00000)
  object space 55808K, 3% used [0x00000000c0000000,0x00000000c0206540,0x00000000c3680000)
 Metaspace       used 6028K, capacity 6960K, committed 7040K, reserved 1058816K
  class space    used 591K, capacity 616K, committed 640K, reserved 1048576K
}
Event: 9.279 GC heap before
{Heap before GC invocations=4 (full 1):
 PSYoungGen      total 38400K, used 38370K [0x00000000eab00000, 0x00000000ee280000, 0x0000000100000000)
  eden space 33280K, 100% used [0x00000000eab00000,0x00000000ecb80000,0x00000000ecb80000)
  from space 5120K, 99% used [0x00000000ed080000,0x00000000ed578b60,0x00000000ed580000)
  to   space 5120K, 0% used [0x00000000ecb80000,0x00000000ecb80000,0x00000000ed080000)
 ParOldGen       total 55808K, used 2084K [0x00000000c0000000, 0x00000000c3680000, 0x00000000eab00000)
  object space 55808K, 3% used [0x00000000c0000000,0x00000000c0209040,0x00000000c3680000)
 Metaspace       used 6175K, capacity 7088K, committed 7296K, reserved 1060864K
  class space    used 594K, capacity 616K, committed 640K, reserved 1048576K
Event: 9.347 GC heap after
Heap after GC invocations=4 (full 1):
 PSYoungGen      total 38400K, used 5103K [0x00000000eab00000, 0x00000000ee280000, 0x0000000100000000)
  eden space 33280K, 0% used [0x00000000eab00000,0x00000000eab00000,0x00000000ecb80000)
  from space 5120K, 99% used [0x00000000ecb80000,0x00000000ed07be68,0x00000000ed080000)
  to   space 5120K, 0% used [0x00000000ed080000,0x00000000ed080000,0x00000000ed580000)
 ParOldGen       total 55808K, used 6911K [0x00000000c0000000, 0x00000000c3680000, 0x00000000eab00000)
  object space 55808K, 12% used [0x00000000c0000000,0x00000000c06bfda0,0x00000000c3680000)
 Metaspace       used 6175K, capacity 7088K, committed 7296K, reserved 1060864K
  class space    used 594K, capacity 616K, committed 640K, reserved 1048576K
}

